Build started 13-Oct-15 11:16:31 AM.
     1>Project "c:\Users\Peter\documents\visual studio 2013\Projects\HF_Trader\HF_Trader\HF_Trader.vcxproj" on node 2 (Build target(s)).
     1>ClCompile:
         C:\Program Files (x86)\Microsoft Visual Studio 12.0\VC\bin\CL.exe /c /ZI /nologo /W3 /WX- /sdl /Od /Oy- /D WIN32 /D _DEBUG /D _CONSOLE /D _LIB /D _UNICODE /D UNICODE /Gm /EHsc /RTC1 /MDd /GS /fp:precise /Zc:wchar_t /Zc:forScope /Fo"Debug\\" /Fd"Debug\vc120.pdb" /Gd /TP /analyze- /errorReport:prompt order_creator.cpp
         order_creator.cpp
     1>c:\users\peter\documents\visual studio 2013\projects\hf_trader\hf_trader\order_creator.cpp(4): warning C4305: 'initializing' : truncation from 'double' to 'const float'
     1>c:\users\peter\documents\visual studio 2013\projects\hf_trader\hf_trader\order_creator.cpp(5): warning C4305: 'initializing' : truncation from 'double' to 'const float'
     1>c:\users\peter\documents\visual studio 2013\projects\hf_trader\hf_trader\order_creator.cpp(17): warning C4305: '=' : truncation from 'double' to 'float'
     1>c:\users\peter\documents\visual studio 2013\projects\hf_trader\hf_trader\order_creator.cpp(75): warning C4244: 'argument' : conversion from 'unsigned int' to 'float', possible loss of data
     1>c:\users\peter\documents\visual studio 2013\projects\hf_trader\hf_trader\order_creator.cpp(75): warning C4244: '=' : conversion from 'float' to 'unsigned int', possible loss of data
     1>c:\users\peter\documents\visual studio 2013\projects\hf_trader\hf_trader\order_creator.cpp(84): warning C4244: 'argument' : conversion from 'unsigned int' to 'float', possible loss of data
     1>c:\users\peter\documents\visual studio 2013\projects\hf_trader\hf_trader\order_creator.cpp(84): warning C4244: '=' : conversion from 'float' to 'unsigned int', possible loss of data
       Link:
         C:\Program Files (x86)\Microsoft Visual Studio 12.0\VC\bin\link.exe /ERRORREPORT:PROMPT /OUT:"c:\users\peter\documents\visual studio 2013\Projects\HF_Trader\Debug\HF_Trader.exe" /INCREMENTAL /NOLOGO kernel32.lib user32.lib gdi32.lib winspool.lib comdlg32.lib advapi32.lib shell32.lib ole32.lib oleaut32.lib uuid.lib odbc32.lib odbccp32.lib /MANIFEST /MANIFESTUAC:"level='asInvoker' uiAccess='false'" /manifest:embed /DEBUG /PDB:"c:\users\peter\documents\visual studio 2013\Projects\HF_Trader\Debug\HF_Trader.pdb" /SUBSYSTEM:CONSOLE /TLBID:1 /DYNAMICBASE /NXCOMPAT /IMPLIB:"c:\users\peter\documents\visual studio 2013\Projects\HF_Trader\Debug\HF_Trader.lib" /MACHINE:X86 Debug\HF_Trader.obj
         Debug\order_creator.obj
         Debug\order_creator_test.obj
         Debug\order_manager.obj
         Debug\reporting.obj
         Debug\stdafx.obj
         Debug\ticker_plant.obj
         HF_Trader.vcxproj -> c:\users\peter\documents\visual studio 2013\Projects\HF_Trader\Debug\HF_Trader.exe
     1>Done Building Project "c:\Users\Peter\documents\visual studio 2013\Projects\HF_Trader\HF_Trader\HF_Trader.vcxproj" (Build target(s)).

Build succeeded.

Time Elapsed 00:00:00.73
